<?xml version="1.0" encoding="UTF-8"?>
<!-- Generated by org.testng.reporters.JUnitXMLReporter -->
<testsuite hostname="IFOCUSODC-PC09" ignored="0" name="Test" tests="3" failures="0" timestamp="21 Dec 2017 05:06:18 GMT" time="2.487" errors="0">
  <testcase name="Test_03_positive" time="2.134" classname="com.APITESTING.SCRIPTS.MegaMenuShows"/>
  <testcase name="Test_04_negative" time="0.162" classname="com.APITESTING.SCRIPTS.MegaMenuShows"/>
  <testcase name="Test_01_positive" time="0.165" classname="com.APITESTING.SCRIPTS.ConfigJson"/>
</testsuite> <!-- Test -->
